# Database Verification Results - Phase 3 API v1

## ✅ 1. Database Tables Verification

**Date:** 2024-01-XX  
**Database:** siteflow_dev  
**Connection:** postgresql://postgres:***@localhost:5432/siteflow_dev

### Found 8 Domain Tables:
- ✅ projects
- ✅ categories  
- ✅ tasks
- ✅ daily_logs
- ✅ daily_log_tasks
- ✅ transactions
- ✅ share_links
- ✅ media_assets

### Required Columns Check:
All 8 tables have the required audit columns:
- ✅ org_id (text, NOT NULL) - Organization isolation
- ✅ created_at (timestamp, NOT NULL) - Creation tracking
- ✅ updated_at (timestamp, NOT NULL) - Update tracking  
- ✅ deleted_at (timestamp, NULL) - Soft delete support

### Table Structures:
Each table has proper:
- UUID primary keys
- Foreign key relationships
- Enum types for status fields
- Proper data types for all fields
- Indexes for performance

### Existing Data:
- projects: 1 records
- categories: 1 records  
- tasks: 3 records
- daily_logs: 1 records
- daily_log_tasks: 3 records
- transactions: 0 records
- share_links: 0 records
- media_assets: 0 records

## ✅ VERIFICATION RESULT: PASS

All 8 domain tables exist with proper structure and required audit columns.
Database is ready for Phase 3 API testing.
